<?xml version="1.0" encoding="UTF-8"?>
<!-- Generated by org.testng.reporters.JUnitXMLReporter -->
<testsuite ignored="2" hostname="GT0217" failures="0" tests="1" name="Verify Doctor Details Date Time" time="15.01" errors="0" timestamp="2024-09-24T20:22:49 IST">
  <testcase classname="practoTestCases.PractoTestCases" name="verify_doctor_details_date_time" time="15.004"/>
  <testcase classname="practoTestCases.PractoTestCases" name="verify_the_category_list_of_all_doctors" time="0.0">
    <ignored/>
  </testcase> <!-- verify_the_category_list_of_all_doctors -->
  <testcase classname="practoTestCases.PractoTestCases" name="verify_filtered_values" time="0.0">
    <ignored/>
  </testcase> <!-- verify_filtered_values -->
</testsuite> <!-- Verify Doctor Details Date Time -->
