<?xml version="1.0" encoding="UTF-8"?>
<!-- Generated by org.testng.reporters.JUnitXMLReporter -->
<testsuite ignored="2" hostname="GT0217" failures="0" tests="1" name="Verify Filtered Values" time="13.414" errors="0" timestamp="2024-09-24T20:23:02 IST">
  <testcase classname="practoTestCases.PractoTestCases" name="verify_filtered_values" time="13.411"/>
  <testcase classname="practoTestCases.PractoTestCases" name="verify_the_category_list_of_all_doctors" time="0.0">
    <ignored/>
  </testcase> <!-- verify_the_category_list_of_all_doctors -->
  <testcase classname="practoTestCases.PractoTestCases" name="verify_doctor_details_date_time" time="0.0">
    <ignored/>
  </testcase> <!-- verify_doctor_details_date_time -->
</testsuite> <!-- Verify Filtered Values -->
