<?xml version="1.0" encoding="UTF-8"?>
<!-- Generated by org.testng.reporters.JUnitXMLReporter -->
<testsuite ignored="0" hostname="GT0217" failures="1" tests="3" name="verify Specilization" time="67.405" errors="0" timestamp="2024-09-24T17:09:00 IST">
  <testcase classname="practoTestCases.PractoTestCases" name="verify_the_category_list_of_all_doctors" time="19.691"/>
  <testcase classname="practoTestCases.PractoTestCases" name="verify_doctor_details_date_time" time="32.471">
    <failure type="java.lang.IllegalArgumentException" message="bound must be positive">
      <![CDATA[java.lang.IllegalArgumentException: bound must be positive
at java.base/java.util.Random.nextInt(Random.java:557)
at Pages.DoctorsList.select_doctor(DoctorsList.java:111)
at practoTestCases.PractoTestCases.verify_doctor_details_date_time(PractoTestCases.java:45)
at java.base/java.util.ArrayList.forEach(ArrayList.java:1597)
... Removed 25 stack frames]]>
    </failure>
  </testcase> <!-- verify_doctor_details_date_time -->
  <testcase classname="practoTestCases.PractoTestCases" name="verify_filtered_values" time="15.207"/>
</testsuite> <!-- verify Specilization -->
