<?xml version="1.0" encoding="UTF-8"?>
<!-- Generated by org.testng.reporters.JUnitXMLReporter -->
<testsuite ignored="0" hostname="GT0217" failures="0" tests="3" name="Default test" time="54.098" errors="0" timestamp="2024-09-24T19:21:09 IST">
  <testcase classname="practoTestCases.PractoTestCases" name="verify_the_category_list_of_all_doctors" time="16.447"/>
  <testcase classname="practoTestCases.PractoTestCases" name="verify_doctor_details_date_time" time="20.529"/>
  <testcase classname="practoTestCases.PractoTestCases" name="verify_filtered_values" time="17.073"/>
</testsuite> <!-- Default test -->
